2022/12/10 16:16:30: args: Namespace(batchnorm_momentum=0.1, cropSize=-1, data_dir='/home/usivaraman/dl/ARCSeg-main/src/data/datasets/cholec', dataset='cholec', dice_loss_factor=0.5, differential_lr=False, display_samples='False', epochs=20, evaluate=False, full_res_validation='False', json_path='/home/usivaraman/dl/ARCSeg-main/src/data/classes/cholecSegClasses.json', lr=0.001, lr_steps=1, model='smp_UNet++', optimizer='Adam', print_freq=1, resizedHeight=256, resizedWidth=256, resnetModel=18, resume='', saveSegs='True', save_dir='../results/smp_UNet++/cholec/half_resolution_random_crop/dice_factor_0.5/bs_train2_val1/imsize_256x256_wd_0.00001_optim_Adam_lr1e-3_steps_1_gamma_0.1/e20_seed6210', save_samples='True', seg_save_dir='../results/smp_UNet++/cholec/half_resolution_random_crop/dice_factor_0.5/bs_train2_val1/imsize_256x256_wd_0.00001_optim_Adam_lr1e-3_steps_1_gamma_0.1/e20_seed6210/seg_results', start_epoch=0, step_gamma=0.1, trainBatchSize=2, valBatchSize=1, wd=1e-05, workers=1)
2022/12/10 16:16:30: Data Augmentations: rotate=True, horizontal_flip=True, vertical_flip=True
2022/12/10 16:21:19: # of Training Images: 5656
2022/12/10 16:21:19: # of Validation Images: 1212
2022/12/10 16:21:22: dice loss factor: 0.5
2022/12/10 16:21:22: Adam Optimizer LR = 0.001 with WD = 1e-05
2022/12/10 16:21:22: StepLR initialized with step size = 10 and gamma = 0.1
2022/12/10 16:21:22: Training Starting
2022/12/10 17:02:12: Epoch 1/20: Train Loss=0.9790792943122026, Avg. Train DC=0.5710851191799914, Avg. Train HD=3231.447343744997, LR=0.001
2022/12/10 17:09:36: Epoch 1/20: Val Loss=0.774021236268994, Avg. Val DC=0.36030412989611277, Avg. Val HD=1251.729096195808, LR=0.001
2022/12/10 17:09:37: Epoch 1/20: Mean IoU=0.24486140637482345, Mean Precision=0.3769259521127869, Mean Recall=0.3456799070335459, Mean F1=0.3128627971061299 (Best) (Saved)

2022/12/10 17:24:19: Epoch 2/20: Train Loss=0.8309014909591163, LR=0.001
2022/12/10 17:25:23: Epoch 2/20: Val Loss=0.7120783585477191, LR=0.001
2022/12/10 17:25:24: Epoch 2/20: Mean IoU=0.25851579227238297, Mean Precision=0.41238448886084095, Mean Recall=0.3458863886512973, Mean F1=0.3465307407154562 (Best) (Saved)

2022/12/10 17:40:06: Epoch 3/20: Train Loss=0.7746232805043838, LR=0.001
2022/12/10 17:41:13: Epoch 3/20: Val Loss=0.7402024319758116, LR=0.001
2022/12/10 17:41:13: Epoch 3/20: Mean IoU=0.2399915111261306, Mean Precision=0.4398245314643088, Mean Recall=0.3224669253418457, Mean F1=0.3157719034465879

2022/12/10 17:55:56: Epoch 4/20: Train Loss=0.7404469205158772, LR=0.001
2022/12/10 17:57:03: Epoch 4/20: Val Loss=0.651574828074907, LR=0.001
2022/12/10 17:57:03: Epoch 4/20: Mean IoU=0.30274218246559376, Mean Precision=0.42646893546567727, Mean Recall=0.3961273339706641, Mean F1=0.3958377613194766 (Best) (Saved)

2022/12/10 18:11:45: Epoch 5/20: Train Loss=0.7107163259003422, LR=0.001
2022/12/10 18:12:55: Epoch 5/20: Val Loss=0.6672302781797872, LR=0.001
2022/12/10 18:12:55: Epoch 5/20: Mean IoU=0.28187513657833824, Mean Precision=0.4662437921189794, Mean Recall=0.378655695598032, Mean F1=0.3674285413354194

2022/12/10 18:27:36: Epoch 6/20: Train Loss=0.6899424020880688, LR=0.001
2022/12/10 18:28:40: Epoch 6/20: Val Loss=0.6874907934921409, LR=0.001
2022/12/10 18:28:40: Epoch 6/20: Mean IoU=0.2713454079729121, Mean Precision=0.4611109308942509, Mean Recall=0.35109054703726866, Mean F1=0.35090640812727625

2022/12/10 18:43:21: Epoch 7/20: Train Loss=0.6560592920462768, LR=0.001
2022/12/10 18:44:24: Epoch 7/20: Val Loss=0.6684041576269436, LR=0.001
2022/12/10 18:44:24: Epoch 7/20: Mean IoU=0.26248680022269233, Mean Precision=0.4547977374438676, Mean Recall=0.35221780013459747, Mean F1=0.3423155210155648

2022/12/10 18:59:06: Epoch 8/20: Train Loss=0.6405497065664939, LR=0.001
2022/12/10 19:00:12: Epoch 8/20: Val Loss=0.6296869118762488, LR=0.001
2022/12/10 19:00:12: Epoch 8/20: Mean IoU=0.2992077707792427, Mean Precision=0.4723534352909251, Mean Recall=0.38601684610408965, Mean F1=0.38425452067099886

2022/12/10 19:14:53: Epoch 9/20: Train Loss=0.6296064960263154, LR=0.001
2022/12/10 19:15:56: Epoch 9/20: Val Loss=1.3997131389851618, LR=0.001
2022/12/10 19:15:56: Epoch 9/20: Mean IoU=0.22621864079232765, Mean Precision=0.4652728515348206, Mean Recall=0.3251640784993336, Mean F1=0.3173192718639169

2022/12/10 19:30:37: Epoch 10/20: Train Loss=0.608071846510725, LR=0.001
2022/12/10 19:31:52: Epoch 10/20: Val Loss=0.6993992452328355, LR=0.001
2022/12/10 19:31:52: Epoch 10/20: Mean IoU=0.2689274057318816, Mean Precision=0.4902376202216171, Mean Recall=0.3612064696602649, Mean F1=0.346174594489567

2022/12/10 19:46:33: Epoch 11/20: Train Loss=0.5478178481959977, LR=0.0001
2022/12/10 19:47:44: Epoch 11/20: Val Loss=0.6327129953568524, LR=0.0001
2022/12/10 19:47:44: Epoch 11/20: Mean IoU=0.3064461182959044, Mean Precision=0.5177641684755951, Mean Recall=0.38529271306095214, Mean F1=0.3932564199769235

2022/12/10 20:02:25: Epoch 12/20: Train Loss=0.5272036922102349, LR=0.0001
2022/12/10 20:03:30: Epoch 12/20: Val Loss=0.618512068079053, LR=0.0001
2022/12/10 20:03:30: Epoch 12/20: Mean IoU=0.30374512324958186, Mean Precision=0.5267304816650374, Mean Recall=0.3817709190088491, Mean F1=0.38861406728647185

2022/12/10 20:18:10: Epoch 13/20: Train Loss=0.5170022084560809, LR=0.0001
2022/12/10 20:19:18: Epoch 13/20: Val Loss=0.6508386167067506, LR=0.0001
2022/12/10 20:19:18: Epoch 13/20: Mean IoU=0.31019492468438925, Mean Precision=0.5197847867886446, Mean Recall=0.38784830978964907, Mean F1=0.3940388954011134

2022/12/10 20:33:59: Epoch 14/20: Train Loss=0.5101842285256406, LR=0.0001
2022/12/10 20:35:04: Epoch 14/20: Val Loss=0.6261124421808586, LR=0.0001
2022/12/10 20:35:04: Epoch 14/20: Mean IoU=0.3044166145651154, Mean Precision=0.519987473243411, Mean Recall=0.3911518283683273, Mean F1=0.39368465646360884

2022/12/10 20:49:45: Epoch 15/20: Train Loss=0.5017806485748443, LR=0.0001
2022/12/10 20:50:48: Epoch 15/20: Val Loss=0.6266141067637075, LR=0.0001
2022/12/10 20:50:49: Epoch 15/20: Mean IoU=0.3255653696940715, Mean Precision=0.5396684626212122, Mean Recall=0.39970147316562277, Mean F1=0.4106966523147299 (Best) (Saved)

2022/12/10 21:05:29: Epoch 16/20: Train Loss=0.500847953496846, LR=0.0001
2022/12/10 21:06:35: Epoch 16/20: Val Loss=0.913555201548751, LR=0.0001
2022/12/10 21:06:35: Epoch 16/20: Mean IoU=0.24585859640556612, Mean Precision=0.49366381966543427, Mean Recall=0.3388047695932604, Mean F1=0.34573325783483944

2022/12/10 21:21:16: Epoch 17/20: Train Loss=0.489547829848452, LR=0.0001
2022/12/10 21:22:22: Epoch 17/20: Val Loss=0.6275391881369522, LR=0.0001
2022/12/10 21:22:22: Epoch 17/20: Mean IoU=0.3096089674865748, Mean Precision=0.5387441085975696, Mean Recall=0.3883580089279412, Mean F1=0.389561352365372

2022/12/10 21:37:03: Epoch 18/20: Train Loss=0.4834305195525141, LR=0.0001
2022/12/10 21:38:15: Epoch 18/20: Val Loss=0.5838493735778449, LR=0.0001
2022/12/10 21:38:15: Epoch 18/20: Mean IoU=0.3167645553099992, Mean Precision=0.5260706111024016, Mean Recall=0.39807200768510953, Mean F1=0.40016308329579753

2022/12/10 21:52:55: Epoch 19/20: Train Loss=0.4801598342064415, LR=0.0001
2022/12/10 21:54:01: Epoch 19/20: Val Loss=0.5960451102394475, LR=0.0001
2022/12/10 21:54:01: Epoch 19/20: Mean IoU=0.31489548329173433, Mean Precision=0.5406378244726838, Mean Recall=0.3894003716650328, Mean F1=0.39575639944050395

2022/12/10 22:08:42: Epoch 20/20: Train Loss=0.47213022470937926, LR=0.0001
